#
# There is insufficient memory for the Java Runtime Environment to continue.
# Native memory allocation (mmap) failed to map 536870912 bytes for G1 virtual space
# Possible reasons:
#   The system is out of physical RAM or swap space
#   The process is running with CompressedOops enabled, and the Java Heap may be blocking the growth of the native heap
# Possible solutions:
#   Reduce memory load on the system
#   Increase physical memory or swap space
#   Check if swap backing store is full
#   Decrease Java heap size (-Xmx/-Xms)
#   Decrease number of Java threads
#   Decrease Java thread stack sizes (-Xss)
#   Set larger code cache with -XX:ReservedCodeCacheSize=
#   JVM is running with Zero Based Compressed Oops mode in which the Java heap is
#     placed in the first 32GB address space. The Java Heap base address is the
#     maximum limit for the native heap growth. Please use -XX:HeapBaseMinAddress
#     to set the Java Heap base and to place the Java Heap above 32GB virtual address.
# This output file may be truncated or incomplete.
#
#  Out of Memory Error (os_windows.cpp:3760), pid=19324, tid=26508
#
# JRE version:  (17.0.5+1) (build )
# Java VM: OpenJDK 64-Bit Server VM (17.0.5+1-b653.25, mixed mode, sharing, tiered, compressed oops, compressed class ptrs, g1 gc, windows-amd64)
# No core dump will be written. Minidumps are not enabled by default on client versions of Windows
#

---------------  S U M M A R Y ------------

Command Line: git4idea.http.GitAskPassApp Username for 'https://github.com': 

Host: Intel(R) Xeon(R) CPU E5-2620 v3 @ 2.40GHz, 12 cores, 31G,  Windows 10 , 64 bit Build 19041 (10.0.19041.3570)
Time: Wed Nov 15 09:20:48 2023  Windows 10 , 64 bit Build 19041 (10.0.19041.3570) elapsed time: 0.025254 seconds (0d 0h 0m 0s)

---------------  T H R E A D  ---------------

Current thread (0x000001ef964ddef0):  JavaThread "Unknown thread" [_thread_in_vm, id=26508, stack(0x00000026de100000,0x00000026de200000)]

Stack: [0x00000026de100000,0x00000026de200000]
Native frames: (J=compiled Java code, j=interpreted, Vv=VM code, C=native code)
V  [jvm.dll+0x6830ca]
V  [jvm.dll+0x83f4c4]
V  [jvm.dll+0x840c6e]
V  [jvm.dll+0x8412d3]
V  [jvm.dll+0x2490b5]
V  [jvm.dll+0x67ff99]
V  [jvm.dll+0x6744aa]
V  [jvm.dll+0x308f2b]
V  [jvm.dll+0x3103e6]
V  [jvm.dll+0x36013e]
V  [jvm.dll+0x36036f]
V  [jvm.dll+0x2df018]
V  [jvm.dll+0x2dff84]
V  [jvm.dll+0x810d91]
V  [jvm.dll+0x36df31]
V  [jvm.dll+0x7f028c]
V  [jvm.dll+0x3f0cbf]
V  [jvm.dll+0x3f2801]
C  [jli.dll+0x526b]
C  [ucrtbase.dll+0x21bb2]
C  [KERNEL32.DLL+0x17344]
C  [ntdll.dll+0x526b1]


---------------  P R O C E S S  ---------------

Threads class SMR info:
_java_thread_list=0x00007ff9c5de8f98, length=0, elements={
}

Java Threads: ( => current thread )

Other Threads:
  0x000001ef9658bcb0 GCTaskThread "GC Thread#0" [stack: 0x00000026de200000,0x00000026de300000] [id=15696]
  0x000001ef9659e390 ConcurrentGCThread "G1 Main Marker" [stack: 0x00000026de300000,0x00000026de400000] [id=15636]
  0x000001ef9659f540 ConcurrentGCThread "G1 Conc#0" [stack: 0x00000026de400000,0x00000026de500000] [id=17672]

[error occurred during error reporting (printing all threads), id 0xc0000005, EXCEPTION_ACCESS_VIOLATION (0xc0000005) at pc=0x00007ff9c559fbd7]

VM state: not at safepoint (not fully initialized)

VM Mutex/Monitor currently owned by a thread:  ([mutex/lock_event])
[0x000001ef964d8940] Heap_lock - owner thread: 0x000001ef964ddef0

Heap address: 0x0000000601000000, size: 8176 MB, Compressed Oops mode: Zero based, Oop shift amount: 3

CDS archive(s) mapped at: [0x0000000000000000-0x0000000000000000-0x0000000000000000), size 0, SharedBaseAddress: 0x0000000800000000, ArchiveRelocationMode: 0.
Narrow klass base: 0x0000000000000000, Narrow klass shift: 0, Narrow klass range: 0x0

GC Precious Log:
<Empty>

Heap:
 garbage-first heap   total 0K, used 0K [0x0000000601000000, 0x0000000800000000)
  region size 4096K, 0 young (0K), 0 survivors (0K)

[error occurred during error reporting (printing heap information), id 0xc0000005, EXCEPTION_ACCESS_VIOLATION (0xc0000005) at pc=0x00007ff9c598cd59]

GC Heap History (0 events):
No events

Dll operation events (1 events):
Event: 0.015 Loaded shared library C:\Program Files\JetBrains\IntelliJ IDEA 2022.3.2\jbr\bin\java.dll

Deoptimization events (0 events):
No events

Classes unloaded (0 events):
No events

Classes redefined (0 events):
No events

Internal exceptions (0 events):
No events

VM Operations (0 events):
No events

Events (0 events):
No events


Dynamic libraries:
0x00007ff7e94b0000 - 0x00007ff7e94ba000 	C:\Program Files\JetBrains\IntelliJ IDEA 2022.3.2\jbr\bin\java.exe
0x00007ffa22b10000 - 0x00007ffa22d07000 	C:\WINDOWS\SYSTEM32\ntdll.dll
0x00007ffa22760000 - 0x00007ffa2281d000 	C:\WINDOWS\System32\KERNEL32.DLL
0x00007ffa20630000 - 0x00007ffa20926000 	C:\WINDOWS\System32\KERNELBASE.dll
0x00007ffa20a70000 - 0x00007ffa20b70000 	C:\WINDOWS\System32\ucrtbase.dll
0x00007ffa16e40000 - 0x00007ffa16e57000 	C:\Program Files\JetBrains\IntelliJ IDEA 2022.3.2\jbr\bin\jli.dll
0x00007ffa22930000 - 0x00007ffa22ace000 	C:\WINDOWS\System32\USER32.dll
0x00007ffa201f0000 - 0x00007ffa20212000 	C:\WINDOWS\System32\win32u.dll
0x00007ffa20b70000 - 0x00007ffa20b9c000 	C:\WINDOWS\System32\GDI32.dll
0x00007ffa202c0000 - 0x00007ffa203da000 	C:\WINDOWS\System32\gdi32full.dll
0x00007ffa20220000 - 0x00007ffa202bd000 	C:\WINDOWS\System32\msvcp_win.dll
0x00007ffa17b50000 - 0x00007ffa17b6b000 	C:\Program Files\JetBrains\IntelliJ IDEA 2022.3.2\jbr\bin\VCRUNTIME140.dll
0x00007ffa163a0000 - 0x00007ffa1663a000 	C:\WINDOWS\WinSxS\amd64_microsoft.windows.common-controls_6595b64144ccf1df_6.0.19041.3570_none_60bb2a3971f3e41a\COMCTL32.dll
0x00007ffa223d0000 - 0x00007ffa2246e000 	C:\WINDOWS\System32\msvcrt.dll
0x00007ffa21f80000 - 0x00007ffa21fb0000 	C:\WINDOWS\System32\IMM32.DLL
0x00007ffa1bdf0000 - 0x00007ffa1bdfc000 	C:\Program Files\JetBrains\IntelliJ IDEA 2022.3.2\jbr\bin\vcruntime140_1.dll
0x00007ffa14290000 - 0x00007ffa1431d000 	C:\Program Files\JetBrains\IntelliJ IDEA 2022.3.2\jbr\bin\msvcp140.dll
0x00007ff9c52b0000 - 0x00007ff9c5f1b000 	C:\Program Files\JetBrains\IntelliJ IDEA 2022.3.2\jbr\bin\server\jvm.dll
0x00007ffa20e10000 - 0x00007ffa20ebe000 	C:\WINDOWS\System32\ADVAPI32.dll
0x00007ffa22260000 - 0x00007ffa222fc000 	C:\WINDOWS\System32\sechost.dll
0x00007ffa22090000 - 0x00007ffa221b6000 	C:\WINDOWS\System32\RPCRT4.dll
0x00007ffa11570000 - 0x00007ffa11579000 	C:\WINDOWS\SYSTEM32\WSOCK32.dll
0x00007ffa221d0000 - 0x00007ffa2223b000 	C:\WINDOWS\System32\WS2_32.dll
0x00007ffa18250000 - 0x00007ffa18277000 	C:\WINDOWS\SYSTEM32\WINMM.dll
0x00007ffa18a80000 - 0x00007ffa18a8a000 	C:\WINDOWS\SYSTEM32\VERSION.dll
0x00007ffa1e0b0000 - 0x00007ffa1e0c2000 	C:\WINDOWS\SYSTEM32\kernel.appcore.dll
0x00007ffa1c070000 - 0x00007ffa1c07a000 	C:\Program Files\JetBrains\IntelliJ IDEA 2022.3.2\jbr\bin\jimage.dll
0x00007ffa10a90000 - 0x00007ffa10c74000 	C:\WINDOWS\SYSTEM32\DBGHELP.DLL
0x00007ffa104c0000 - 0x00007ffa104f4000 	C:\WINDOWS\SYSTEM32\dbgcore.DLL
0x00007ffa20930000 - 0x00007ffa209b2000 	C:\WINDOWS\System32\bcryptPrimitives.dll
0x00007ffa17be0000 - 0x00007ffa17c05000 	C:\Program Files\JetBrains\IntelliJ IDEA 2022.3.2\jbr\bin\java.dll

dbghelp: loaded successfully - version: 4.0.5 - missing functions: none
symbol engine: initialized successfully - sym options: 0x614 - pdb path: .;C:\Program Files\JetBrains\IntelliJ IDEA 2022.3.2\jbr\bin;C:\WINDOWS\SYSTEM32;C:\WINDOWS\WinSxS\amd64_microsoft.windows.common-controls_6595b64144ccf1df_6.0.19041.3570_none_60bb2a3971f3e41a;C:\Program Files\JetBrains\IntelliJ IDEA 2022.3.2\jbr\bin\server

VM Arguments:
java_command: git4idea.http.GitAskPassApp Username for 'https://github.com': 
java_class_path (initial): C:/Program Files/JetBrains/IntelliJ IDEA 2022.3.2/plugins/vcs-git/lib/git4idea-rt.jar;C:/Program Files/JetBrains/IntelliJ IDEA 2022.3.2/lib/externalProcess-rt.jar;C:/Program Files/JetBrains/IntelliJ IDEA 2022.3.2/lib/app.jar;C:/Program Files/JetBrains/IntelliJ IDEA 2022.3.2/lib/3rd-party-rt.jar
Launcher Type: SUN_STANDARD

[Global flags]
     intx CICompilerCount                          = 4                                         {product} {ergonomic}
     uint ConcGCThreads                            = 3                                         {product} {ergonomic}
     uint G1ConcRefinementThreads                  = 10                                        {product} {ergonomic}
   size_t G1HeapRegionSize                         = 4194304                                   {product} {ergonomic}
    uintx GCDrainStackTargetSize                   = 64                                        {product} {ergonomic}
   size_t InitialHeapSize                          = 536870912                                 {product} {ergonomic}
   size_t MarkStackSize                            = 4194304                                   {product} {ergonomic}
   size_t MaxHeapSize                              = 8573157376                                {product} {ergonomic}
   size_t MinHeapDeltaBytes                        = 4194304                                   {product} {ergonomic}
   size_t MinHeapSize                              = 8388608                                   {product} {ergonomic}
    uintx NonNMethodCodeHeapSize                   = 5839372                                {pd product} {ergonomic}
    uintx NonProfiledCodeHeapSize                  = 122909434                              {pd product} {ergonomic}
    uintx ProfiledCodeHeapSize                     = 122909434                              {pd product} {ergonomic}
    uintx ReservedCodeCacheSize                    = 251658240                              {pd product} {ergonomic}
     bool SegmentedCodeCache                       = true                                      {product} {ergonomic}
   size_t SoftMaxHeapSize                          = 8573157376                             {manageable} {ergonomic}
     bool UseCompressedClassPointers               = true                           {product lp64_product} {ergonomic}
     bool UseCompressedOops                        = true                           {product lp64_product} {ergonomic}
     bool UseG1GC                                  = true                                      {product} {ergonomic}
     bool UseLargePagesIndividualAllocation        = false                                  {pd product} {ergonomic}

Logging:
Log output configuration:
 #0: stdout all=warning uptime,level,tags
 #1: stderr all=off uptime,level,tags

Environment Variables:
JAVA_HOME=C:\Java\jdk1.8.0_191
PATH=C:\Program Files\Git\mingw64\libexec\git-core;C:\Program Files\Git\mingw64\libexec\git-core;C:\Program Files\Git\mingw64\bin;C:\Program Files\Git\usr\bin;C:\Users\data28\bin;C:\Program Files\ImageMagick-7.1.1-Q16;C:\Program Files (x86)\Common Files\Oracle\Java\javapath;D:\app\data28\product\11.2.0\dbhome_1\bin;C:\WINDOWS\system32;C:\WINDOWS;C:\WINDOWS\System32\Wbem;C:\WINDOWS\System32\WindowsPowerShell\v1.0;C:\WINDOWS\System32\OpenSSH;C:\Program Files\Bandizip;C:\Vim\vim82;C:\Program Files\Git\cmd;C:\GnuWin32\bin;C:\Program Files (x86)\NetSarang\Xftp 7;C:\GnuWin32\bin;C:\Program Files (x86)\NetSarang\Xshell 7;C:\Program Files\Cloud Foundry;C:\Java\jdk1.8.0_191\bin;C:\Program Files\ImageMagick-7.1.1-Q16;C:\Program Files (x86)\Common Files\Oracle\Java\javapath;D:\app\data28\product\11.2.0\dbhome_1\bin;C:\WINDOWS\system32;C:\WINDOWS;C:\WINDOWS\System32\Wbem;C:\WINDOWS\System32\WindowsPowerShell\v1.0;C:\WINDOWS\System32\OpenSSH;C:\Program Files\Bandizip;C:\Vim\vim82;C:\Program Files\Git\cmd;C:\GnuWin32\bin;C:\Program Files (x86)\NetSarang\Xftp 7;C:\GnuWin32\bin;C:\Program Files (x86)\NetSarang\Xshell 7;C:\Program Files\Cloud Foundry;C:\Users\data28\AppData\Local\Programs\Python\Python310\Scripts;C:\Users\data28\AppData\Local\Programs\Python\Python310;C:\Users\data28\AppData\Local\Microsoft\WindowsApps;C:\mingw64\bin;C:\Program Files (x86)\Brackets;C:\Users\data28\AppData\Local\Programs\Microsoft VS Code\bin;C:\mongodb\bin;C:\chromedriver
USERNAME=data28
DISPLAY=:0.0
LC_ALL=en_US.UTF-8
TERM=xterm-256color
TMPDIR=C:\Users\data28\AppData\Local\Temp
OS=Windows_NT
PROCESSOR_IDENTIFIER=Intel64 Family 6 Model 63 Stepping 2, GenuineIntel
TMP=C:\Users\data28\AppData\Local\Temp
TEMP=C:\Users\data28\AppData\Local\Temp



---------------  S Y S T E M  ---------------

OS:
 Windows 10 , 64 bit Build 19041 (10.0.19041.3570)
OS uptime: 16 days 22:31 hours

CPU: total 12 (initial active 12) (6 cores per cpu, 2 threads per core) family 6 model 63 stepping 2 microcode 0x43, cx8, cmov, fxsr, ht, mmx, sse, sse2, sse3, ssse3, sse4.1, sse4.2, popcnt, lzcnt, tsc, tscinvbit, avx, avx2, aes, erms, clmul, bmi1, bmi2, fma, vzeroupper, clflush

Memory: 4k page, system-wide physical 32692M (741M free)
TotalPageFile size 63112M (AvailPageFile size 241M)
current process WorkingSet (physical memory assigned to process): 10M, peak: 10M
current process commit charge ("private bytes"): 64M, peak: 576M

vm_info: OpenJDK 64-Bit Server VM (17.0.5+1-b653.25) for windows-amd64 JRE (17.0.5+1-b653.25), built on 2023-01-04 by "builduser" with MS VC++ 16.10 / 16.11 (VS2019)

END.
